2024-08-13 13:51:29 -- ======== jdk =========
2024-08-13 13:51:29 -- 对方法进行--前置--增强
2024-08-13 13:51:29 -- 正在查询用户信息......
2024-08-13 13:51:29 -- 对方法进行--后置--增强
2024-08-13 13:51:29 -- ======== jdk =========
2024-08-13 13:51:29 -- 对方法进行--前置--增强
2024-08-13 13:53:24 -- ======== jdk =========
2024-08-13 13:53:24 -- 对方法进行--前置--增强
2024-08-13 13:53:24 -- 正在查询用户信息......
2024-08-13 13:53:24 -- 对方法进行--后置--增强
2024-08-13 13:53:25 -- ======== cglib =========
2024-08-13 13:54:07 -- 对方法进行--前置--增强
2024-08-13 13:55:31 -- ======== jdk =========
2024-08-13 13:55:31 -- 对方法进行--前置--增强
2024-08-13 13:55:31 -- 正在查询用户信息......
2024-08-13 13:55:31 -- 对方法进行--后置--增强
2024-08-13 13:55:31 -- ======== cglib =========
2024-08-13 13:55:31 -- 对方法进行--前置--增强
2024-08-13 13:56:39 -- ======== jdk =========
2024-08-13 13:56:39 -- 对方法进行--前置--增强
2024-08-13 13:56:39 -- 正在查询用户信息......
2024-08-13 13:56:39 -- 对方法进行--后置--增强
2024-08-13 13:56:39 -- ======== cglib =========
2024-08-13 13:56:39 -- 对方法进行--前置--增强
2024-08-13 13:56:39 -- 正在注册用户信息：陈平安
2024-08-13 13:56:39 -- 对方法进行--后置--增强
2024-08-15 14:51:36 -- 正在查询用户信息......
2024-08-15 15:55:27 -- 正在查询用户信息......
2024-08-15 15:55:27 -- 正在注册用户信息：zs
2024-08-15 15:56:56 -- 正在查询用户信息......
2024-08-15 15:56:56 -- 正在注册用户信息：zs
2024-08-15 15:57:16 -- 正在查询用户信息......
2024-08-15 15:57:16 -- 正在注册用户信息：zs
2024-08-15 16:29:46 -- 正在查询用户信息......
2024-08-15 16:29:46 -- 正在注册用户信息：zs
2024-08-15 20:33:18 -- 正在查询用户信息......
2024-08-15 20:33:18 -- 正在注册用户信息：zs
2024-08-15 20:34:21 -- 正在查询用户信息......
2024-08-15 20:34:21 -- ===========================
2024-08-15 20:34:21 -- 正在注册用户信息：zs
2024-08-15 20:35:19 -- 正在查询用户信息......
2024-08-15 20:35:19 -- ===========================
2024-08-15 20:35:19 -- 正在注册用户信息：zs
2024-08-15 20:35:24 -- 正在查询用户信息......
2024-08-15 20:35:24 -- ===========================
2024-08-15 20:35:24 -- 正在注册用户信息：zs
2024-08-15 20:35:57 -- 正在查询用户信息......
2024-08-15 20:35:57 -- ===========================
2024-08-15 20:35:57 -- 正在注册用户信息：zs
2024-08-15 20:39:44 -- 正在查询用户信息......
2024-08-15 20:39:44 -- ===========================
2024-08-15 20:39:44 -- 正在注册用户信息：zs
2024-08-15 20:45:08 -- 正在查询用户信息......
2024-08-15 20:45:08 -- ===========================
2024-08-15 20:45:08 -- 正在注册用户信息：zs
2024-08-15 20:54:31 -- 前置通知，执行方法：queryUserInfo，方法参数：null
2024-08-15 20:54:31 -- 正在查询用户信息......
2024-08-15 20:54:31 -- 返回通知，返回值：zs
2024-08-15 20:54:31 -- 最终通知：~~~~~~~~~~~~
2024-08-15 20:54:31 -- ===========================
2024-08-15 20:54:31 -- 前置通知，执行方法：register，方法参数：[zs]
2024-08-15 20:54:31 -- 正在注册用户信息：zs
2024-08-15 20:54:31 -- 返回通知，返回值：null
2024-08-15 20:54:31 -- 最终通知：~~~~~~~~~~~~
2024-08-15 20:56:15 -- 前置通知，执行方法：queryUserInfo，方法参数：null
2024-08-15 20:56:15 -- 正在查询用户信息......
2024-08-15 20:56:15 -- 返回通知，返回值：zs
2024-08-15 20:56:15 -- 最终通知：~~~~~~~~~~~~
2024-08-15 20:56:15 -- zs
2024-08-15 20:56:15 -- ===========================
2024-08-15 20:56:15 -- 前置通知，执行方法：register，方法参数：[zs]
2024-08-15 20:56:15 -- 正在注册用户信息：zs
2024-08-15 20:56:15 -- 返回通知，返回值：null
2024-08-15 20:56:15 -- 最终通知：~~~~~~~~~~~~
2024-08-15 21:26:33 -- 前置通知，执行方法：queryUserInfo，方法参数：null
2024-08-15 21:26:33 -- 正在查询用户信息......
2024-08-15 21:26:33 -- 返回通知，返回值：zs
2024-08-15 21:26:33 -- 最终通知：~~~~~~~~~~~~
2024-08-15 21:26:33 -- zs
2024-08-15 21:26:33 -- ===========================
2024-08-15 21:26:33 -- 前置通知，执行方法：register，方法参数：[zs]
2024-08-15 21:26:33 -- 正在注册用户信息：zs
2024-08-15 21:26:33 -- 返回通知，返回值：null
2024-08-15 21:26:33 -- 最终通知：~~~~~~~~~~~~
2024-08-15 21:27:15 -- 正在查询用户信息......
2024-08-15 21:27:15 -- 前置通知，执行方法：queryUserInfo，方法参数：null
2024-08-15 21:27:15 -- 正在查询用户信息......
2024-08-15 21:27:15 -- 正在查询用户信息......
2024-08-15 21:27:15 -- 返回通知，返回值：zs
2024-08-15 21:27:15 -- 最终通知：~~~~~~~~~~~~
2024-08-15 21:27:15 -- 正在查询用户信息......
2024-08-15 21:27:15 -- zs
2024-08-15 21:27:15 -- ===========================
2024-08-15 21:27:15 -- 正在注册用户信息：zs
2024-08-15 21:27:15 -- 前置通知，执行方法：register，方法参数：[zs]
2024-08-15 21:27:15 -- 正在注册用户信息：zs
2024-08-15 21:27:15 -- 正在注册用户信息：zs
2024-08-15 21:27:15 -- 返回通知，返回值：null
2024-08-15 21:27:15 -- 最终通知：~~~~~~~~~~~~
2024-08-15 21:27:15 -- 正在注册用户信息：zs
2024-08-15 21:28:59 -- 目标方法调用：正在查询用户信息......
2024-08-15 21:28:59 -- 前置通知，执行方法：queryUserInfo，方法参数：null
2024-08-15 21:28:59 -- 目标方法调用：正在查询用户信息......
2024-08-15 21:28:59 -- 目标方法调用：正在查询用户信息......
2024-08-15 21:28:59 -- 返回通知，返回值：zs
2024-08-15 21:28:59 -- 最终通知：~~~~~~~~~~~~
2024-08-15 21:28:59 -- 目标方法调用：正在查询用户信息......
2024-08-15 21:28:59 -- zs
2024-08-15 21:28:59 -- ===========================
2024-08-15 21:28:59 -- 目标方法调用：正在注册用户信息：zs
2024-08-15 21:28:59 -- 前置通知，执行方法：register，方法参数：[zs]
2024-08-15 21:28:59 -- 目标方法调用：正在注册用户信息：zs
2024-08-15 21:28:59 -- 目标方法调用：正在注册用户信息：zs
2024-08-15 21:28:59 -- 返回通知，返回值：null
2024-08-15 21:28:59 -- 最终通知：~~~~~~~~~~~~
2024-08-15 21:28:59 -- 目标方法调用：正在注册用户信息：zs
2024-08-15 21:30:29 -- 前置通知，执行方法：queryUserInfo，方法参数：null
2024-08-15 21:30:29 -- 目标方法调用：正在查询用户信息......
2024-08-15 21:30:29 -- 返回通知，返回值：zs
2024-08-15 21:30:29 -- 最终通知：~~~~~~~~~~~~
2024-08-15 21:30:29 -- zs
2024-08-15 21:30:29 -- ===========================
2024-08-15 21:30:29 -- 前置通知，执行方法：register，方法参数：[zs]
2024-08-15 21:30:29 -- 目标方法调用：正在注册用户信息：zs
2024-08-15 21:30:29 -- 返回通知，返回值：null
2024-08-15 21:30:29 -- 最终通知：~~~~~~~~~~~~
2024-08-15 21:32:49 -- 前置通知，执行方法：queryUserInfo，方法参数：null
2024-08-15 21:32:53 -- 目标方法调用：正在查询用户信息......
2024-08-15 21:33:07 -- 返回通知，返回值：zs
2024-08-15 21:33:11 -- 最终通知：~~~~~~~~~~~~
2024-08-15 21:33:20 -- zs
2024-08-15 21:33:22 -- ===========================
2024-08-15 21:33:22 -- 前置通知，执行方法：register，方法参数：[zs]
2024-08-15 21:33:22 -- 目标方法调用：正在注册用户信息：zs
2024-08-15 21:33:22 -- 返回通知，返回值：null
2024-08-15 21:33:22 -- 最终通知：~~~~~~~~~~~~
2024-08-15 21:33:54 -- 前置通知，执行方法：queryUserInfo，方法参数：null
2024-08-15 21:33:54 -- 目标方法调用：正在查询用户信息......
2024-08-15 21:33:54 -- 返回通知，返回值：zs
2024-08-15 21:33:54 -- 最终通知：~~~~~~~~~~~~
2024-08-15 21:33:54 -- zs
2024-08-15 21:33:54 -- ===========================
2024-08-15 21:34:25 -- 前置通知，执行方法：register，方法参数：[zs]
2024-08-15 21:34:25 -- 目标方法调用：正在注册用户信息：zs
2024-08-15 21:34:25 -- 返回通知，返回值：null
2024-08-15 21:34:25 -- 最终通知：~~~~~~~~~~~~
2024-08-15 21:35:04 -- 前置通知，执行方法：queryUserInfo，方法参数：null
2024-08-15 21:35:04 -- 目标方法调用：正在查询用户信息......
2024-08-15 21:35:04 -- 返回通知，返回值：zs
2024-08-15 21:35:04 -- 最终通知：~~~~~~~~~~~~
2024-08-15 21:35:04 -- zs
2024-08-15 21:35:04 -- ===========================
2024-08-15 21:35:04 -- 前置通知，执行方法：register，方法参数：[zs]
2024-08-15 21:35:04 -- 前置通知，执行方法：register，方法参数：[zs]
2024-08-15 21:35:04 -- 目标方法调用：正在注册用户信息：zs
2024-08-15 21:35:04 -- 返回通知，返回值：null
2024-08-15 21:35:04 -- 返回通知，返回值：null
2024-08-15 21:35:04 -- 最终通知：~~~~~~~~~~~~
2024-08-15 21:35:04 -- 最终通知：~~~~~~~~~~~~
2024-08-15 21:49:55 -- 前置通知，执行方法：queryUserInfo，方法参数：null
2024-08-15 21:49:55 -- 目标方法调用：正在查询用户信息......
2024-08-15 21:49:55 -- 返回通知，返回值：zs
2024-08-15 21:49:55 -- 最终通知：~~~~~~~~~~~~
2024-08-15 21:49:55 -- zs
2024-08-15 21:49:55 -- ===========================
2024-08-15 21:49:55 -- 前置通知，执行方法：register，方法参数：[zs]
2024-08-15 21:49:55 -- 前置通知，执行方法：register，方法参数：[zs]
2024-08-15 21:49:55 -- 目标方法调用：正在注册用户信息：zs
2024-08-15 21:49:55 -- 返回通知，返回值：null
2024-08-15 21:49:55 -- 返回通知，返回值：null
2024-08-15 21:49:55 -- 最终通知：~~~~~~~~~~~~
2024-08-15 21:49:55 -- 最终通知：~~~~~~~~~~~~
